I, [2017-12-22T11:56:15.050699 #17369]  INFO -- : Registered expected interaction GET /dogs
D, [2017-12-22T11:56:15.050893 #17369] DEBUG -- : {
  "description": "a request for projects",
  "providerState": "i have a list of projects",
  "request": {
    "method": "GET",
    "path": "/dogs",
    "headers": {
      "Accept": "application/json"
    }
  },
  "response": {
    "status": 200,
    "headers": {
      "Content-Type": "application/json"
    },
    "body": [
      {
        "dog": 1
      }
    ]
  }
}
I, [2017-12-22T11:56:15.064806 #17369]  INFO -- : Received request GET /dogs
D, [2017-12-22T11:56:15.064874 #17369] DEBUG -- : {
  "path": "/dogs",
  "query": "",
  "method": "get",
  "headers": {
    "Accept": "application/json",
    "User-Agent": "axios/0.14.0",
    "Host": "localhost:8989",
    "Connection": "close",
    "Version": "HTTP/1.1"
  }
}
I, [2017-12-22T11:56:15.064998 #17369]  INFO -- : Found matching response for GET /dogs
D, [2017-12-22T11:56:15.065041 #17369] DEBUG -- : {
  "status": 200,
  "headers": {
    "Content-Type": "application/json"
  },
  "body": [
    {
      "dog": 1
    }
  ]
}
I, [2017-12-22T11:56:15.072014 #17369]  INFO -- : Verifying - interactions matched
I, [2017-12-22T11:56:15.074453 #17369]  INFO -- : Cleared interactions
I, [2017-12-22T11:56:15.077266 #17369]  INFO -- : Writing pact for MyProvider to /private/tmp/jest/pacts/myconsumer-myprovider.json
